06/06/2023 09:22:03.257 	 -> [
  'blabla2023-04-04 copy.log',
  'blabla2023-04-04.log',
  'consoleLog-2023-05-31.log',
  'consoleLog-2023-06-05.log',
  'mikaApp-2023-05-31.log',
  'mikaApp-2023-06-05.log',
  'mikaErr-2023-05-31.log',
  'mikaErr-2023-06-05.log'
]
06/06/2023 09:22:03.257 	 -> [
  'blabla2023-04-04 copy.log',
  'blabla2023-04-04.log',
  'consoleLog-2023-05-31.log',
  'consoleLog-2023-06-05.log',
  'mikaApp-2023-05-31.log',
  'mikaApp-2023-06-05.log',
  'mikaErr-2023-05-31.log',
  'mikaErr-2023-06-05.log'
]
06/06/2023 09:22:03.257 	 -> [
  'blabla2023-04-04 copy.log',
  'blabla2023-04-04.log',
  'consoleLog-2023-05-31.log',
  'consoleLog-2023-06-05.log',
  'mikaApp-2023-05-31.log',
  'mikaApp-2023-06-05.log',
  'mikaErr-2023-05-31.log',
  'mikaErr-2023-06-05.log'
]
06/06/2023 09:22:03.257 	 -> [
  'blabla2023-04-04 copy.log',
  'blabla2023-04-04.log',
  'consoleLog-2023-05-31.log',
  'consoleLog-2023-06-05.log',
  'mikaApp-2023-05-31.log',
  'mikaApp-2023-06-05.log',
  'mikaErr-2023-05-31.log',
  'mikaErr-2023-06-05.log'
]
06/06/2023 09:22:03.257 	 -> [
  'blabla2023-04-04 copy.log',
  'blabla2023-04-04.log',
  'consoleLog-2023-05-31.log',
  'consoleLog-2023-06-05.log',
  'mikaApp-2023-05-31.log',
  'mikaApp-2023-06-05.log',
  'mikaErr-2023-05-31.log',
  'mikaErr-2023-06-05.log'
]
06/06/2023 09:22:03.257 	 -> [
  'blabla2023-04-04 copy.log',
  'blabla2023-04-04.log',
  'consoleLog-2023-05-31.log',
  'consoleLog-2023-06-05.log',
  'mikaApp-2023-05-31.log',
  'mikaApp-2023-06-05.log',
  'mikaErr-2023-05-31.log',
  'mikaErr-2023-06-05.log'
]
06/06/2023 09:22:03.257 	 -> [
  'blabla2023-04-04 copy.log',
  'blabla2023-04-04.log',
  'consoleLog-2023-05-31.log',
  'consoleLog-2023-06-05.log',
  'mikaApp-2023-05-31.log',
  'mikaApp-2023-06-05.log',
  'mikaErr-2023-05-31.log',
  'mikaErr-2023-06-05.log'
]
06/06/2023 09:22:03.257 	 -> [
  'blabla2023-04-04 copy.log',
  'blabla2023-04-04.log',
  'consoleLog-2023-05-31.log',
  'consoleLog-2023-06-05.log',
  'mikaApp-2023-05-31.log',
  'mikaApp-2023-06-05.log',
  'mikaErr-2023-05-31.log',
  'mikaErr-2023-06-05.log'
]
06/06/2023 09:22:03.257 	 -> Deleted file: blabla2023-04-04.log
06/06/2023 09:24:13.428 	 -> [
  'blabla2023-04-04.log',
  'consoleLog-2023-05-31.log',
  'consoleLog-2023-06-05.log',
  'consoleLog-2023-06-06.log',
  'mikaApp-2023-05-31.log',
  'mikaApp-2023-06-05.log',
  'mikaApp-2023-06-06.log',
  'mikaErr-2023-05-31.log',
  'mikaErr-2023-06-05.log',
  'mikaErr-2023-06-06.log'
]
06/06/2023 09:24:13.428 	 -> [
  'blabla2023-04-04.log',
  'consoleLog-2023-05-31.log',
  'consoleLog-2023-06-05.log',
  'consoleLog-2023-06-06.log',
  'mikaApp-2023-05-31.log',
  'mikaApp-2023-06-05.log',
  'mikaApp-2023-06-06.log',
  'mikaErr-2023-05-31.log',
  'mikaErr-2023-06-05.log',
  'mikaErr-2023-06-06.log'
]
06/06/2023 09:24:13.428 	 -> [
  'blabla2023-04-04.log',
  'consoleLog-2023-05-31.log',
  'consoleLog-2023-06-05.log',
  'consoleLog-2023-06-06.log',
  'mikaApp-2023-05-31.log',
  'mikaApp-2023-06-05.log',
  'mikaApp-2023-06-06.log',
  'mikaErr-2023-05-31.log',
  'mikaErr-2023-06-05.log',
  'mikaErr-2023-06-06.log'
]
06/06/2023 09:24:13.428 	 -> [
  'blabla2023-04-04.log',
  'consoleLog-2023-05-31.log',
  'consoleLog-2023-06-05.log',
  'consoleLog-2023-06-06.log',
  'mikaApp-2023-05-31.log',
  'mikaApp-2023-06-05.log',
  'mikaApp-2023-06-06.log',
  'mikaErr-2023-05-31.log',
  'mikaErr-2023-06-05.log',
  'mikaErr-2023-06-06.log'
]
06/06/2023 09:24:13.428 	 -> [
  'blabla2023-04-04.log',
  'consoleLog-2023-05-31.log',
  'consoleLog-2023-06-05.log',
  'consoleLog-2023-06-06.log',
  'mikaApp-2023-05-31.log',
  'mikaApp-2023-06-05.log',
  'mikaApp-2023-06-06.log',
  'mikaErr-2023-05-31.log',
  'mikaErr-2023-06-05.log',
  'mikaErr-2023-06-06.log'
]
06/06/2023 09:24:13.428 	 -> [
  'blabla2023-04-04.log',
  'consoleLog-2023-05-31.log',
  'consoleLog-2023-06-05.log',
  'consoleLog-2023-06-06.log',
  'mikaApp-2023-05-31.log',
  'mikaApp-2023-06-05.log',
  'mikaApp-2023-06-06.log',
  'mikaErr-2023-05-31.log',
  'mikaErr-2023-06-05.log',
  'mikaErr-2023-06-06.log'
]
06/06/2023 09:24:13.428 	 -> [
  'blabla2023-04-04.log',
  'consoleLog-2023-05-31.log',
  'consoleLog-2023-06-05.log',
  'consoleLog-2023-06-06.log',
  'mikaApp-2023-05-31.log',
  'mikaApp-2023-06-05.log',
  'mikaApp-2023-06-06.log',
  'mikaErr-2023-05-31.log',
  'mikaErr-2023-06-05.log',
  'mikaErr-2023-06-06.log'
]
06/06/2023 09:24:13.428 	 -> [
  'blabla2023-04-04.log',
  'consoleLog-2023-05-31.log',
  'consoleLog-2023-06-05.log',
  'consoleLog-2023-06-06.log',
  'mikaApp-2023-05-31.log',
  'mikaApp-2023-06-05.log',
  'mikaApp-2023-06-06.log',
  'mikaErr-2023-05-31.log',
  'mikaErr-2023-06-05.log',
  'mikaErr-2023-06-06.log'
]
06/06/2023 09:24:13.428 	 -> [
  'blabla2023-04-04.log',
  'consoleLog-2023-05-31.log',
  'consoleLog-2023-06-05.log',
  'consoleLog-2023-06-06.log',
  'mikaApp-2023-05-31.log',
  'mikaApp-2023-06-05.log',
  'mikaApp-2023-06-06.log',
  'mikaErr-2023-05-31.log',
  'mikaErr-2023-06-05.log',
  'mikaErr-2023-06-06.log'
]
06/06/2023 09:24:13.428 	 -> [
  'blabla2023-04-04.log',
  'consoleLog-2023-05-31.log',
  'consoleLog-2023-06-05.log',
  'consoleLog-2023-06-06.log',
  'mikaApp-2023-05-31.log',
  'mikaApp-2023-06-05.log',
  'mikaApp-2023-06-06.log',
  'mikaErr-2023-05-31.log',
  'mikaErr-2023-06-05.log',
  'mikaErr-2023-06-06.log'
]
06/06/2023 09:24:13.428 	 -> Deleted file: blabla2023-04-04.log
