06/06/23 09:22:03.256 -> ..\index.js 	 -> { propriete1: 'valeur1', propriete2: 'valeur2' }
06/06/23 09:22:03.256 -> ..\index.js 	 -> aleaID : 60361-23258-5hAiV-UQVpP-Nra5L
06/06/23 09:22:03.256 -> ..\index.js 	 -> jwtHex : 078ca0f6babdd602351e38143e66db83e0c0f09ae5a381a9d251f3f587e5e21fcfb5b55c85845794a894e062da6b1a73564013bec6e83ea4ae567bae9f0b8cc7
06/06/23 09:22:03.256 -> ..\index.js 	 -> mikMDP : g-$h@zKz+(
06/06/23 09:22:03.256 -> ..\index.js 	 -> jwtB64 : N53ENPz2jRQR0kz8yDK9V8r4FJMuqJdd3VmpT04v2DDhpOZpBGOFkYiP6lpLqpDc5FEDTKD2JS3UG8WHxoC9okk8v8rDF6m1UCyFL77bE2t0q/mTcykHjqMywk6y4XRu
06/06/23 09:22:03.256 -> ..\index.js 	 -> xor128 : vha7VL02JUBNBQeHVcp7BzHCAJoi3BoSZ2epps3Iu4OizsHaLShtbgZKf9lZUIvS2NCGmPLTxf6Z5GVWKDp6yESD2qxFA5ywWi8HWjQR6FPaFGjIL5zyQg8UISjfn4rw
06/06/23 09:24:13.426 -> ..\index.js 	 -> { propriete1: 'valeur1', propriete2: 'valeur2' }
06/06/23 09:24:13.426 -> ..\index.js 	 -> aleaID : 60362-53428-fXK8v-sqAmb-NcJjq
06/06/23 09:24:13.426 -> ..\index.js 	 -> jwtHex : 32879dc93309e24993e941dbb80a70ffaabb2664b0392f2f0242caa829260a1caafe9397e25bdd8797ed2b1a95198592897e85fbf58f4f89f816d7a93bce019d
06/06/23 09:24:13.426 -> ..\index.js 	 -> mikMDP : l:NI}-;E,:
06/06/23 09:24:13.426 -> ..\index.js 	 -> jwtB64 : 2dND7h338VDCcyOTodi3Q+E+7kq2uLdl9pVA8oi8kD6bWerR7GvPc+U8+GGAsp/Hhsztfsz8Pm5q9oXLRru2Y+yljpwfq7PhFdTUHKm1RdQDWAvJGASHw4JUrBoeDgUN
06/06/23 09:24:13.426 -> ..\index.js 	 -> xor128 : vh4emQRS7jgPFGwTw8SmAUO8q34ShAc1tfFGfup9GCvOtgxYK1ghTLN0ADrANSwgYvI7GSnG0CbcZzDGHU6duJnRGREIZsBxJ422T5znJDn1uoPaKmQZ67hlOXiOHLrr
06/06/23 09:29:57.740 -> ..\index.js 	 -> { propriete1: 'valeur1', propriete2: 'valeur2' }
06/06/23 09:29:57.740 -> ..\index.js 	 -> aleaID : 60365-97742-EMZnm-VVXYF-7y74J
06/06/23 09:29:57.740 -> ..\index.js 	 -> jwtHex : de559f05842181a53e6582c4b0af86ff496f79b9194bb9802c136e47932855b87e713ecbe4dfbba711c79bab830c4b284d6f55998a0983e669253d9b128ac7aa
06/06/23 09:29:57.740 -> ..\index.js 	 -> mikMDP : tp&!|XTM%P
06/06/23 09:29:57.740 -> ..\index.js 	 -> jwtB64 : 4oWd6uexyXaiur41M8YRIU3kYsBQtLfAMvl4C1UjGd00rYfPYusinE7mXgbR2BsnSbDgpM6DukXHeL14WB3jaREDTy9M7+xlAaMqS+Qjf/6LnIF6YYzvQh6+AkO8tCi5
06/06/23 09:29:57.740 -> ..\index.js 	 -> xor128 : vhtTmic7ZCBEvhcmGCUW2w32eW5RFuyReDH0WnTktW1Rxh6er5N2unr3pOohyv8el55BJGsVOQfs7yfMG1Xrhc1UUg4lvU7y60srEJ8cZtBp5xEb3WH9fO84592IwaqF
06/06/23 09:34:06.228 -> ..\index.js 	 -> { propriete1: 'valeur1', propriete2: 'valeur2' }
06/06/23 09:34:06.228 -> ..\index.js 	 -> aleaID : 60368-46230-rdzdN-7HiYq-4g6rb
06/06/23 09:34:06.228 -> ..\index.js 	 -> mikMDP : -r2q!M]eXy
06/06/23 09:34:06.228 -> ..\index.js 	 -> jwtHex : 3fa3f2dbf909b1b88162bd91b7d29c5fae73750852e5db6a56b15825af3c4b48fb77be2c47ac39b98dfa0458114846bed7e5b559430f8c4314b68c72e9238f80
06/06/23 09:34:06.228 -> ..\index.js 	 -> xor128 : vhoJx0QR7manFSR6UC4YtfnO30L1BGNAOqf2qZckTfOSyUJ6LhPcfoqnrbWLSQ4JqKuD8VrPNKJ8MhEeypi5DuWJEYbtjZR6KBeSD6aIIR3MFa4IbLqlxmpaaQBmaRqZ
06/06/23 09:34:06.228 -> ..\index.js 	 -> jwtB64 : o6IDOa/X5bj/sZs0fC0vtf6I31brSQRi7vQy5w8pjUbthJHtSOA0f/vjxKE4fjiIRXtApmxjq3p4E7Wb+bnnb3MUL2Q2oUYq8d4WBLSheQpVyFVRJq0TbSCIZ8FrpRTb
06/06/23 09:38:14.545 -> ..\index.js 	 -> { propriete1: 'valeur1', propriete2: 'valeur2' }
06/06/23 09:38:14.545 -> ..\index.js 	 -> aleaID : 60370-94547-f2uTI-nRnK7-9AYk7
06/06/23 09:38:14.545 -> ..\index.js 	 -> jwtHex : 728cb3f5444884421dcab1872e11b49442aa7d360aaf6ffc24c56fe444cae4014fd1dd6b6a7f26eacd209f1297a3dcae644db8269a21c82c68b256217009f8ed
06/06/23 09:38:14.545 -> ..\index.js 	 -> mikMDP : %)^!j"EeZ2
06/06/23 09:38:14.545 -> ..\index.js 	 -> xor128 : vhm7zOQzEn19nV9O8PFAAZa85SpGLc5UheYwS4jNctmsCqDNl4NgYh6ycSHM1aLnV9rOaVeBnVn57vAsCbv6Wjy4WL52w4Ad0tqABFIu82AOcbJAHesiCVhD2eNm9qV9
06/06/23 09:38:14.545 -> ..\index.js 	 -> jwtB64 : VAngBBb2QrfrAbFRAjLsxXf9ohvJ7IBlaGXnvM0BiIHDALDlahnL4BiQ643p2AFw2zgMGQPxGzODnuCvAwq6uQFBieMOT6nYuzSTdyavtuJqlKiJtnrEhNhVv49t3opp
06/06/23 09:38:14.545 -> ..\index.js 	 -> undefined
06/06/23 09:39:42.700 -> ..\index.js 	 -> { propriete1: 'valeur1', propriete2: 'valeur2' }
06/06/23 09:39:42.700 -> ..\index.js 	 -> aleaID : 60371-82702-0MUO7-7G31I-whzvt
06/06/23 09:39:42.700 -> ..\index.js 	 -> jwtHex : 245ab7f167e89a202c74882d1c33506233e484909311eca81775e68e6ada46dd6a91083f7f185bb23749e452318c138ab14c6db5eeab39349629df86382d3eb0
06/06/23 09:39:42.700 -> ..\index.js 	 -> mikMDP : )Mm[tP02Y[
06/06/23 09:39:42.700 -> ..\index.js 	 -> jwtB64 : hdUwPJll3EiYyLizhEgTS8BcjNwMxnlLUjOGROPUzkHuuEzlyQimLsLfxwoRd9IQ3aUE52vtNqBrxIjyEmcvDQVxJKWUV44rTbU+sJHJiFX9POymrCe1XPQ/Yo9Spcye
06/06/23 09:39:42.700 -> ..\index.js 	 -> xor128 : vhabqjkRSGjxn3cM0ndjnnebx23cm9K6RgcaNBT6zTf2WylQrVQJ9osm9Y9ep6CXZhVVutE4u4jI6nvIpHoxBDHpdOXJmAmX5HgghbnHdGhKUZQufewDSzEXUdt5412S
06/06/23 09:39:42.700 -> ..\index.js 	 -> [
  'consoleLog-2023-05-31.log',
  'consoleLog-2023-06-05.log',
  'consoleLog-2023-06-06.log',
  'mikaApp-2023-05-31.log',
  'mikaApp-2023-06-05.log',
  'mikaApp-2023-06-06.log',
  'mikaErr-2023-05-31.log',
  'mikaErr-2023-06-05.log',
  'mikaErr-2023-06-06.log'
]
06/06/23 09:40:05.804 -> ..\index.js 	 -> { propriete1: 'valeur1', propriete2: 'valeur2' }
06/06/23 09:40:05.804 -> ..\index.js 	 -> aleaID : 60372-05807-ZneNj-KWUJT-CIEoP
06/06/23 09:40:05.804 -> ..\index.js 	 -> jwtHex : 1be5a1b741445f580b80aeaff01f54da8aa13e5e6ebb9f83a7181eae811fe120a1443514f7cc27222c104fa5f694036460a45689f1569efda1a161971fa73800
06/06/23 09:40:05.804 -> ..\index.js 	 -> mikMDP : #E#DFR~V3E
06/06/23 09:40:05.804 -> ..\index.js 	 -> xor128 : vhBOW8r3213ihaFR2epL7LyDeg9WemGmEfYgGdymbPv7CZsGXOLZRGPXW923v5V4YpCQ0zjp5h1FJ2ZTPdIAQRGMnkTd03mdYOi6yJFQFhheqQyow5Wyue6sljViXMxc
06/06/23 09:40:05.804 -> ..\index.js 	 -> jwtB64 : 0M0XiL36LLdgDRFsnM9DCW74nn6u1XZHOYuB3Vuk2fFn7ka1ChSX1dtOJRzWgBpplRtRZoBXX+tjukt6xyHU7KSpLX7IG/ZIPsFKvQMvAjABvpWdtomQ8JoGF51zrt12
06/06/23 09:40:05.804 -> ..\index.js 	 -> [
  'blabla2023-04-06.log',
  'consoleLog-2023-05-31.log',
  'consoleLog-2023-06-05.log',
  'consoleLog-2023-06-06.log',
  'mikaApp-2023-05-31.log',
  'mikaApp-2023-06-05.log',
  'mikaApp-2023-06-06.log',
  'mikaErr-2023-05-31.log',
  'mikaErr-2023-06-05.log',
  'mikaErr-2023-06-06.log'
]
06/06/23 09:40:05.804 -> ..\index.js 	 -> Deleted file: blabla2023-04-06.log
06/06/23 09:40:58.822 -> ..\index.js 	 -> { propriete1: 'valeur1', propriete2: 'valeur2' }
06/06/23 09:40:58.822 -> ..\index.js 	 -> jwtHex : af9f715c928b9e34131b0570435de173051ba32045c342685b2317aff7f16b9a219e33aa1a461d4fd3eb7b9f881dc02f5a35f2cd83555fdac37848184c98bdb1
06/06/23 09:40:58.822 -> ..\index.js 	 -> jwtB64 : 9rVqm4EfBZDjLSDqwz+ms+z/COFl0unOcTamvbQ4eHzaf0yA1oCcyasauYDmfAzifsTO/ymnBTGX9j5/50mx/ZTvT8iez2klGS/Q8UjTRh6DwMswHjfzj4BARG5dUO7Z
06/06/23 09:40:58.822 -> ..\index.js 	 -> aleaID : 60372-58825-c4VK6-VTQjw-5HX6f
06/06/23 09:40:58.822 -> ..\index.js 	 -> xor128 : vhPeizrLTT7FSjSUTfkMaFaJkc8bnu71ASIeHdT074NTcdwJOBfv4DN6D1F6w6WAyexgTUm5wk1amhngHs3buPyAk5C7iwWZf93yRJoqf9JXdm6Se7IxKfSblajyCbAb
06/06/23 09:40:58.822 -> ..\index.js 	 -> mikMDP : C}9QG$[85|
06/06/23 09:40:58.822 -> ..\index.js 	 -> fichier supprimé : blabla2023-04-04.log
06/06/23 09:40:58.822 -> ..\index.js 	 -> fichier supprimé : blabla2023-04-05.log
