31/05/23 19:12:47 -> ..\index.js 	 -> 55531-67568-JLu56-iDNCS-Smq9R
31/05/23 19:12:47 -> ..\index.js 	 -> t/nKD328LdFmPUnPX7UZmH2QNPCSG5wotF6/zXWnMzZg+lNwzqzpi0mz3LgFjyiu0P+dcGABbS2h0tc9wImq0xiD2dXi+KtK6JFyzxSa05fvdWrn1YVV0LJpUfhWldll
31/05/23 19:12:47 -> ..\index.js 	 -> JI$vhV1/s]
31/05/23 19:12:47 -> ..\index.js 	 -> 0d21c13287d38db15966a94edde18591daa030a1283b8b6d901d0f8a1e6bd17cd7322b5a1db8cb6ed2d06cad6d349b02444b852822e937ce1c39bedf72754b05
31/05/23 19:12:47 -> ..\index.js 	 -> vhiPWhPQrfs0loW7H3gguZWwM81S9JvoTNtWBW0WuW4MXNX2zQfnaY61hptjKnAX
31/05/23 19:14:34 -> ..\index.js 	 -> 55532-74687-to0a6-2VbMs-GgEQY
31/05/23 19:14:34 -> ..\index.js 	 -> \NI3JnFeXE
31/05/23 19:14:34 -> ..\index.js 	 -> 2618d082225ca22bd841ae7d54ce413b661cc6c9345c9826f9d5690d8a3865a47d46f9e5e6bc5ec8fa2acb13569adf4b8df46b223e8891dd0d84fc49647bc690
31/05/23 19:14:34 -> ..\index.js 	 -> vhdKT3YsvoL2BQkzrSlfYGKXQq3Xq2NsJEr6pU60xU81oNxuNSZpMU5oSazC0SiaWvWpoZTKVAXY2ylseItZ1naL74ROLzASDSwYF7hkcylREhVN93PWGRj2cdrijPgU
31/05/23 19:14:34 -> ..\index.js 	 -> oXqlcsW6DIl1pARNQIgmfCHrJ+B/4FoepFuiVrQIRQ7HTsWsFWfpl6p6VDbeNCe7LCEv+Gl5LvQ9CxnICi3hwSBUO8VzWS9PtBuZ5nOou6ss7/9RvkhVF7s5W+smNSPJ
31/05/23 19:18:48 -> ..\index.js 	 -> mikaMDP : LTNoD8h@=f
31/05/23 19:18:48 -> ..\index.js 	 -> jwtHex : 2de2f07e63cbd33c68485564e9d6244b4b7e534aaa8d5b775618dadcdedcd0425db1eb299c1f6d8a6e698b50529f5d424664b29ef9d6a62e0d4d1639561065cf
31/05/23 19:18:48 -> ..\index.js 	 -> jwtB64 : WMV90bj1BrXf4vUXLrXE157m7SgrfYsgPGMcgTkiVh9wwpQBIGV+BqomA98chAVr/hLiWZvE5mhviaXGNmrvPWkxMKS0GVbRadNhlUd4stLKy764Anqb7d/GiuMbLNEb
31/05/23 19:18:48 -> ..\index.js 	 -> aleaID : 55535-28835-gf5jh-BIh2r-KqvPS
31/05/23 19:18:48 -> ..\index.js 	 -> xor128 : vhd8WivNbNWLSM6Gfyko9mxmO2mbsZJgVfb3VtM0u8Fj89zWm9qXqOAlF6t4PKbayCgygdjxLJ8mtW8pljdVTbRqQBJTwrmJEYtPk6z7g79m3C0jPTPApEVpOIt9dix7
31/05/23 19:19:18 -> ..\index.js 	 -> aleaID : 55535-58611-Oxtmk-nI7G7-nSkTv
31/05/23 19:19:18 -> ..\index.js 	 -> mikMDP : 8$9-`4<;aQ
31/05/23 19:19:18 -> ..\index.js 	 -> xor128 : vhDAXabc1b4wZGUJsABGTmR883DDtmtwBksxJYa01pTfvQKXyazWh8uNCQD9vj684TrmIMoWhn8kltWzwyxTYNAgmKl7gd6lq3s1WP8RBv3a5A2yQJe7drYiVnuLNuuR
31/05/23 19:19:18 -> ..\index.js 	 -> jwtHex : 032f1e65d61e4d260f19038ddbb7c72c959d8a298d2d4e44ff169d8c265e173742aa8b8d767b40b61490d236f2140b01c0acfe63be03a2951ff62ea52ae3d884
31/05/23 19:19:18 -> ..\index.js 	 -> jwtB64 : +5CIf6vjAT3Y7SsHig6rrv46W+Ick3EThiiSF0IeoSyhIdRwhDsWC/QCWAbMtgDI90DGM1RxajpckFgPLNhMQNJ+8UtMsyU4rwUAX1afcQtdv27IuUE+bz/AZUOkdF9n
31/05/23 19:23:08 -> ..\index.js 	 -> aleaID : 55537-88786-wlq0r-otANf-AiUui
31/05/23 19:23:08 -> ..\index.js 	 -> mikMDP : U3<u(;uL4M
31/05/23 19:23:08 -> ..\index.js 	 -> jwtHex : fd0dfdf5ebf646b9aba4b701fa2e8664fe53e0e5536d9862384b1e433b29043119772e53e11b4b2d7ba70ca7b52650d7b25b83017d6edf0ee295a3be910604d2
31/05/23 19:23:08 -> ..\index.js 	 -> xor128 : vhaSIuMQ0ACX0K53nE6aUaUJjf9uDqtr9vhdonvVxM5aHLcWirWjGFNJVeszv1iL6onaWE0Qn6sc6UOCV4fOPJb6cgXcDWqdz3OrYxx82WTWeH42XsPXccZcQoUTqmJG
31/05/23 19:23:08 -> ..\index.js 	 -> jwtB64 : HQvbzb2lO2mYeDKFwBzjZboFcvXpXhWqJSmpOF+2lxDjZolDgV94yIFBHu8IbYhtsAiKtun37fJ8ZPnUX6O1HY199zCuLrC8EudrZT2EgouXIPaAof3OIRUcYMMKqYOQ
31/05/23 19:24:48 -> ..\index.js 	 -> aleaID : 55538-88710-NFwcS-y8GQH-OfjKz
31/05/23 19:24:48 -> ..\index.js 	 -> mikMDP : >P)'Q{6(OA
31/05/23 19:24:48 -> ..\index.js 	 -> jwtHex : a20e1b06ca67dbb0e4c3f6f5a1d786f8367cfb5a11ffd427d31f7fead9fe41996457777c107783720f3abeacae28fad8c46fa88a283bf70680ad77d251013bdc
31/05/23 19:24:48 -> ..\index.js 	 -> xor128 : vhyzFEvvE6SDXco7sAn77xzq2T64ABgzNwfp5ijEzLRI2gajoQOOf0viN8kQCXgCGa5GfhVWKgqnA7Nkrc32EbfJKCM4ToaaOZioGnif5q7HZqfblZvBvDwFAadMxJuX
31/05/23 19:24:48 -> ..\index.js 	 -> jwtB64 : wQGtBuPWGyDQ9b0KTBfyPfo0vAsOKyppgPVFojjPZOPwpuOc4V2BdybTVUUrBOc9SJTKBRIvmd7pKoddixJOMeAJZJhx7JnB0QzzsZdvZF3+IsGVCgI/CsJWlRfI9uKB
